#
# There is insufficient memory for the Java Runtime Environment to continue.
# Native memory allocation (malloc) failed to allocate 1716176 bytes for Chunk::new
# Possible reasons:
#   The system is out of physical RAM or swap space
#   The process is running with CompressedOops enabled, and the Java Heap may be blocking the growth of the native heap
# Possible solutions:
#   Reduce memory load on the system
#   Increase physical memory or swap space
#   Check if swap backing store is full
#   Decrease Java heap size (-Xmx/-Xms)
#   Decrease number of Java threads
#   Decrease Java thread stack sizes (-Xss)
#   Set larger code cache with -XX:ReservedCodeCacheSize=
#   JVM is running with Unscaled Compressed Oops mode in which the Java heap is
#     placed in the first 4GB address space. The Java Heap base address is the
#     maximum limit for the native heap growth. Please use -XX:HeapBaseMinAddress
#     to set the Java Heap base and to place the Java Heap above 4GB virtual address.
# This output file may be truncated or incomplete.
#
#  Out of Memory Error (allocation.cpp:389), pid=5840, tid=0x0000000000000d10
#
# JRE version: OpenJDK Runtime Environment (8.0_202-b03) (build 1.8.0_202-release-1483-b03)
# Java VM: OpenJDK 64-Bit Server VM (25.202-b03 mixed mode windows-amd64 compressed oops)
# Failed to write core dump. Minidumps are not enabled by default on client versions of Windows
#

---------------  T H R E A D  ---------------

Current thread (0x0000000015f9b000):  JavaThread "C2 CompilerThread1" daemon [_thread_in_native, id=3344, stack(0x0000000017d20000,0x0000000017e20000)]

Stack: [0x0000000017d20000,0x0000000017e20000]
[error occurred during error reporting (printing stack bounds), id 0xc0000005]

Native frames: (J=compiled Java code, j=interpreted, Vv=VM code, C=native code)


Current CompileTask:
C2:  18033 9140   !   4       java.nio.file.FileTreeWalker::visit (204 bytes)


---------------  P R O C E S S  ---------------

Java Threads: ( => current thread )
  0x000000001dca1000 JavaThread "stdout" [_thread_in_native, id=6936, stack(0x0000000024c20000,0x0000000024d20000)]
  0x000000001dca7800 JavaThread "stderr" [_thread_in_native, id=13364, stack(0x0000000024b20000,0x0000000024c20000)]
  0x000000001dca0000 JavaThread "stdout" [_thread_in_native, id=5852, stack(0x0000000024a20000,0x0000000024b20000)]
  0x000000001dca7000 JavaThread "stderr" [_thread_in_native, id=17324, stack(0x0000000024920000,0x0000000024a20000)]
  0x000000001dca5800 JavaThread "stdout" [_thread_in_native, id=12216, stack(0x0000000024820000,0x0000000024920000)]
  0x000000001dca6000 JavaThread "stderr" [_thread_in_native, id=16436, stack(0x0000000024720000,0x0000000024820000)]
  0x000000001dc9e000 JavaThread "stdout" [_thread_in_native, id=17316, stack(0x0000000024620000,0x0000000024720000)]
  0x000000001dc9f800 JavaThread "stderr" [_thread_in_native, id=9088, stack(0x0000000024520000,0x0000000024620000)]
  0x000000001dca4800 JavaThread "stdout" [_thread_in_native, id=2280, stack(0x0000000024420000,0x0000000024520000)]
  0x000000001dc9d000 JavaThread "stderr" [_thread_in_native, id=152, stack(0x0000000024320000,0x0000000024420000)]
  0x000000001dc9e800 JavaThread "stdout" [_thread_in_native, id=13792, stack(0x0000000024220000,0x0000000024320000)]
  0x000000001dca4000 JavaThread "stderr" [_thread_in_native, id=9672, stack(0x0000000024120000,0x0000000024220000)]
  0x000000001dca3000 JavaThread "pool-2-thread-1" [_thread_blocked, id=2672, stack(0x0000000024020000,0x0000000024120000)]
  0x000000001dca1800 JavaThread "MarlinRenderer Disposer" daemon [_thread_blocked, id=15092, stack(0x0000000023d20000,0x0000000023e20000)]
  0x0000000018261800 JavaThread "Java2D Disposer" daemon [_thread_blocked, id=9152, stack(0x0000000023ba0000,0x0000000023ca0000)]
  0x0000000018260800 JavaThread "WorkerExecutor Queue Thread 6" [_thread_blocked, id=14560, stack(0x0000000023aa0000,0x0000000023ba0000)]
  0x0000000018259000 JavaThread "WorkerExecutor Queue Thread 5" [_thread_blocked, id=8904, stack(0x00000000239a0000,0x0000000023aa0000)]
  0x000000001825f000 JavaThread "WorkerExecutor Queue Thread 4" [_thread_blocked, id=7352, stack(0x00000000238a0000,0x00000000239a0000)]
  0x0000000018260000 JavaThread "WorkerExecutor Queue Thread 3" [_thread_blocked, id=4756, stack(0x00000000237a0000,0x00000000238a0000)]
  0x000000001825e800 JavaThread "WorkerExecutor Queue Thread 2" [_thread_blocked, id=6784, stack(0x00000000236a0000,0x00000000237a0000)]
  0x0000000018262000 JavaThread "WorkerExecutor Queue" [_thread_blocked, id=5068, stack(0x00000000235a0000,0x00000000236a0000)]
  0x000000001825a800 JavaThread "Cache worker for execution history cache (C:\Users\Humberto Rodrigues\AndroidStudioProjects\Controledecorrepondencias\.gradle\5.4.1\executionHistory)" [_thread_blocked, id=5040, stack(0x0000000022950000,0x0000000022a50000)]
  0x0000000018254000 JavaThread "Execution worker for ':' Thread 5" [_thread_blocked, id=11872, stack(0x00000000230a0000,0x00000000231a0000)]
  0x0000000018253000 JavaThread "Execution worker for ':' Thread 4" [_thread_blocked, id=15532, stack(0x0000000022fa0000,0x00000000230a0000)]
  0x000000001825a000 JavaThread "Execution worker for ':' Thread 3" [_thread_blocked, id=568, stack(0x0000000022ea0000,0x0000000022fa0000)]
  0x000000001dd74000 JavaThread "Execution worker for ':' Thread 2" [_thread_blocked, id=15668, stack(0x0000000022da0000,0x0000000022ea0000)]
  0x000000001dd73800 JavaThread "Execution worker for ':'" [_thread_blocked, id=14696, stack(0x0000000022ca0000,0x0000000022da0000)]
  0x000000001dd72000 JavaThread "Cache worker for file content cache (C:\Users\Humberto Rodrigues\AndroidStudioProjects\Controledecorrepondencias\.gradle\5.4.1\fileContent)" [_thread_blocked, id=5716, stack(0x0000000022650000,0x0000000022750000)]
  0x000000001dd70800 JavaThread "Cache worker for file content cache (C:\Users\Humberto Rodrigues\.gradle\caches\5.4.1\fileContent)" [_thread_blocked, id=12896, stack(0x0000000022550000,0x0000000022650000)]
  0x000000001dd71000 JavaThread "Memory manager" [_thread_blocked, id=16616, stack(0x0000000021de0000,0x0000000021ee0000)]
  0x000000001dd6d800 JavaThread "Cache worker for Build Output Cleanup Cache (C:\Users\Humberto Rodrigues\AndroidStudioProjects\Controledecorrepondencias\.gradle\buildOutputCleanup)" [_thread_blocked, id=13732, stack(0x0000000021460000,0x0000000021560000)]
  0x000000001dd6c000 JavaThread "pool-1-thread-1" [_thread_blocked, id=3816, stack(0x0000000021360000,0x0000000021460000)]
  0x000000001dd6e000 JavaThread "Build operations Thread 6" [_thread_blocked, id=2548, stack(0x0000000020e60000,0x0000000020f60000)]
  0x000000001dd69800 JavaThread "Build operations Thread 5" [_thread_blocked, id=16236, stack(0x0000000020d60000,0x0000000020e60000)]
  0x000000001dd66800 JavaThread "Build operations Thread 4" [_thread_blocked, id=14304, stack(0x0000000020c60000,0x0000000020d60000)]
  0x000000001dd6c800 JavaThread "Build operations Thread 3" [_thread_blocked, id=12732, stack(0x0000000020b60000,0x0000000020c60000)]
  0x000000001dd6b000 JavaThread "Build operations Thread 2" [_thread_blocked, id=9964, stack(0x00000000207d0000,0x00000000208d0000)]
  0x000000001dd66000 JavaThread "Build operations" [_thread_blocked, id=6896, stack(0x00000000206d0000,0x00000000207d0000)]
  0x000000001dd65000 JavaThread "Cache worker for execution history cache (C:\Users\Humberto Rodrigues\.gradle\caches\5.4.1\executionHistory)" [_thread_in_native, id=14248, stack(0x000000001f600000,0x000000001f700000)]
  0x000000001dd67800 JavaThread "Cache worker for cache directory md-rule (C:\Users\Humberto Rodrigues\.gradle\caches\5.4.1\md-rule)" [_thread_blocked, id=3020, stack(0x000000001f500000,0x000000001f600000)]
  0x0000000019616000 JavaThread "Cache worker for cache directory md-supplier (C:\Users\Humberto Rodrigues\.gradle\caches\5.4.1\md-supplier)" [_thread_blocked, id=6916, stack(0x000000001f400000,0x000000001f500000)]
  0x0000000019614800 JavaThread "Cache worker for file hash cache (C:\Users\Humberto Rodrigues\AndroidStudioProjects\Controledecorrepondencias\.gradle\5.4.1\fileHashes)" [_thread_blocked, id=13416, stack(0x000000001e700000,0x000000001e800000)]
  0x0000000019614000 JavaThread "Cache worker for journal cache (C:\Users\Humberto Rodrigues\.gradle\caches\journal-1)" [_thread_blocked, id=2436, stack(0x000000001c260000,0x000000001c360000)]
  0x0000000019613000 JavaThread "File lock request listener" [_thread_in_native, id=11028, stack(0x000000001c160000,0x000000001c260000)]
  0x00000000182b5000 JavaThread "Cache worker for file hash cache (C:\Users\Humberto Rodrigues\.gradle\caches\5.4.1\fileHashes)" [_thread_blocked, id=17124, stack(0x000000001bf60000,0x000000001c060000)]
  0x0000000019a3b800 JavaThread "Thread-9" [_thread_blocked, id=7256, stack(0x000000001ae90000,0x000000001af90000)]
  0x0000000019a3a000 JavaThread "Stdin handler" [_thread_blocked, id=13704, stack(0x000000001ad90000,0x000000001ae90000)]
  0x0000000019a39800 JavaThread "Asynchronous log dispatcher for DefaultDaemonConnection: socket connection from /127.0.0.1:55371 to /127.0.0.1:55372" [_thread_blocked, id=10416, stack(0x000000001ac90000,0x000000001ad90000)]
  0x0000000018017800 JavaThread "Daemon worker" [_thread_blocked, id=8572, stack(0x000000001ab90000,0x000000001ac90000)]
  0x0000000018010000 JavaThread "Cancel handler" [_thread_blocked, id=17148, stack(0x000000001aa90000,0x000000001ab90000)]
  0x000000001876e000 JavaThread "Handler for socket connection from /127.0.0.1:55371 to /127.0.0.1:55372" [_thread_in_native, id=8140, stack(0x000000001a790000,0x000000001a890000)]
  0x000000001876d000 JavaThread "Daemon" [_thread_blocked, id=14684, stack(0x000000001a690000,0x000000001a790000)]
  0x00000000191ef000 JavaThread "Daemon periodic checks" [_thread_blocked, id=14376, stack(0x000000001a590000,0x000000001a690000)]
  0x00000000191ed800 JavaThread "Incoming local TCP Connector on port 55371" [_thread_in_native, id=9428, stack(0x000000001a330000,0x000000001a430000)]
  0x0000000018f78000 JavaThread "Daemon health stats" [_thread_blocked, id=9304, stack(0x0000000019cf0000,0x0000000019df0000)]
  0x0000000017f88000 JavaThread "Service Thread" daemon [_thread_blocked, id=2468, stack(0x0000000018320000,0x0000000018420000)]
  0x0000000015f9b800 JavaThread "C1 CompilerThread2" daemon [_thread_blocked, id=15500, stack(0x0000000017e20000,0x0000000017f20000)]
=>0x0000000015f9b000 JavaThread "C2 CompilerThread1" daemon [_thread_in_native, id=3344, stack(0x0000000017d20000,0x0000000017e20000)]
  0x0000000015f95000 JavaThread "C2 CompilerThread0" daemon [_thread_blocked, id=7208, stack(0x0000000017c20000,0x0000000017d20000)]
  0x0000000015f91000 JavaThread "Attach Listener" daemon [_thread_blocked, id=9988, stack(0x0000000017b20000,0x0000000017c20000)]
  0x0000000015f90000 JavaThread "Signal Dispatcher" daemon [_thread_blocked, id=16624, stack(0x0000000017a20000,0x0000000017b20000)]
  0x00000000023dc800 JavaThread "Finalizer" daemon [_thread_blocked, id=10956, stack(0x0000000017810000,0x0000000017910000)]
  0x00000000023d6800 JavaThread "Reference Handler" daemon [_thread_blocked, id=14340, stack(0x0000000017710000,0x0000000017810000)]
  0x00000000021de800 JavaThread "main" [_thread_blocked, id=252, stack(0x00000000021e0000,0x00000000022e0000)]

Other Threads:
  0x0000000015f58000 VMThread [stack: 0x0000000017610000,0x0000000017710000] [id=16120]
  0x0000000017f91000 WatcherThread [stack: 0x0000000018420000,0x0000000018520000] [id=8044]

VM state:not at safepoint (normal execution)

VM Mutex/Monitor currently owned by a thread: None

heap address: 0x00000000a0000000, size: 1536 MB, Compressed Oops mode: 32-bit
Narrow klass base: 0x0000000000000000, Narrow klass shift: 3
Compressed class space size: 1073741824 Address: 0x0000000100000000

Heap:
 PSYoungGen      total 202752K, used 91849K [0x00000000e0000000, 0x00000000eea00000, 0x0000000100000000)
  eden space 185344K, 40% used [0x00000000e0000000,0x00000000e48b2b38,0x00000000eb500000)
  from space 17408K, 99% used [0x00000000ecc00000,0x00000000edcffc50,0x00000000edd00000)
  to   space 23552K, 0% used [0x00000000eb500000,0x00000000eb500000,0x00000000ecc00000)
 ParOldGen       total 140800K, used 44790K [0x00000000a0000000, 0x00000000a8980000, 0x00000000e0000000)
  object space 140800K, 31% used [0x00000000a0000000,0x00000000a2bbdbe8,0x00000000a8980000)
 Metaspace       used 65351K, capacity 67668K, committed 67864K, reserved 1107968K
  class space    used 8709K, capacity 9220K, committed 9256K, reserved 1048576K

Card table byte_map: [0x00000000117a0000,0x0000000011ab0000] byte_map_base: 0x00000000112a0000

Marking Bits: (ParMarkBitMap*) 0x00000000515b9f30
 Begin Bits: [0x00000000122b0000, 0x0000000013ab0000)
 End Bits:   [0x0000000013ab0000, 0x00000000152b0000)

Polling page: 0x00000000008a0000

CodeCache: size=245760Kb used=26752Kb max_used=26761Kb free=219007Kb
 bounds [0x00000000023e0000, 0x0000000003e20000, 0x00000000113e0000]
 total_blobs=9006 nmethods=8091 adapters=829
 compilation: enabled

Compilation events (10 events):
Event: 17.972 Thread 0x0000000015f9b800 9153   !   3       com.google.common.collect.MapMakerInternalMap$Segment::put (298 bytes)
Event: 17.973 Thread 0x0000000015f95000 9155       4       com.google.common.collect.RegularImmutableMap$EntrySet$1::get (6 bytes)
Event: 17.974 Thread 0x0000000015f9b800 nmethod 9153 0x0000000003e03d90 code [0x0000000003e04120, 0x0000000003e06568]
Event: 17.974 Thread 0x0000000015f9b800 9154   !   3       com.google.common.collect.MapMakerInternalMap$Segment::runLockedCleanup (34 bytes)
Event: 17.974 Thread 0x0000000015f9b800 nmethod 9154 0x0000000003de5890 code [0x0000000003de5a40, 0x0000000003de6298]
Event: 17.975 Thread 0x0000000015f95000 nmethod 9155 0x0000000003de5310 code [0x0000000003de5460, 0x0000000003de5638]
Event: 17.998 Thread 0x0000000015f9b800 9156       3       org.gradle.internal.fingerprint.impl.AbsolutePathFingerprintingStrategy::normalizePath (7 bytes)
Event: 17.998 Thread 0x0000000015f9b800 nmethod 9156 0x0000000003de4ed0 code [0x0000000003de5020, 0x0000000003de5250]
Event: 18.005 Thread 0x0000000015f9b800 9157       3       org.gradle.internal.Try$Success::orElseMapFailure (5 bytes)
Event: 18.006 Thread 0x0000000015f9b800 nmethod 9157 0x0000000003e03a50 code [0x0000000003e03ba0, 0x0000000003e03cf0]

GC Heap History (10 events):
Event: 8.665 GC heap before
{Heap before GC invocations=13 (full 2):
 PSYoungGen      total 144384K, used 144380K [0x00000000e0000000, 0x00000000ea700000, 0x0000000100000000)
  eden space 132608K, 100% used [0x00000000e0000000,0x00000000e8180000,0x00000000e8180000)
  from space 11776K, 99% used [0x00000000e9b80000,0x00000000ea6ff1b8,0x00000000ea700000)
  to   space 14336K, 0% used [0x00000000e8b00000,0x00000000e8b00000,0x00000000e9900000)
 ParOldGen       total 93696K, used 19979K [0x00000000a0000000, 0x00000000a5b80000, 0x00000000e0000000)
  object space 93696K, 21% used [0x00000000a0000000,0x00000000a1382f48,0x00000000a5b80000)
 Metaspace       used 54125K, capacity 55742K, committed 55976K, reserved 1097728K
  class space    used 7331K, capacity 7751K, committed 7848K, reserved 1048576K
Event: 8.687 GC heap after
Heap after GC invocations=13 (full 2):
 PSYoungGen      total 156672K, used 14076K [0x00000000e0000000, 0x00000000ebf00000, 0x0000000100000000)
  eden space 142336K, 0% used [0x00000000e0000000,0x00000000e0000000,0x00000000e8b00000)
  from space 14336K, 98% used [0x00000000e8b00000,0x00000000e98bf1b0,0x00000000e9900000)
  to   space 15872K, 0% used [0x00000000eaf80000,0x00000000eaf80000,0x00000000ebf00000)
 ParOldGen       total 93696K, used 26831K [0x00000000a0000000, 0x00000000a5b80000, 0x00000000e0000000)
  object space 93696K, 28% used [0x00000000a0000000,0x00000000a1a33d60,0x00000000a5b80000)
 Metaspace       used 54125K, capacity 55742K, committed 55976K, reserved 1097728K
  class space    used 7331K, capacity 7751K, committed 7848K, reserved 1048576K
}
Event: 9.343 GC heap before
{Heap before GC invocations=14 (full 2):
 PSYoungGen      total 156672K, used 65461K [0x00000000e0000000, 0x00000000ebf00000, 0x0000000100000000)
  eden space 142336K, 36% used [0x00000000e0000000,0x00000000e322e528,0x00000000e8b00000)
  from space 14336K, 98% used [0x00000000e8b00000,0x00000000e98bf1b0,0x00000000e9900000)
  to   space 15872K, 0% used [0x00000000eaf80000,0x00000000eaf80000,0x00000000ebf00000)
 ParOldGen       total 93696K, used 26831K [0x00000000a0000000, 0x00000000a5b80000, 0x00000000e0000000)
  object space 93696K, 28% used [0x00000000a0000000,0x00000000a1a33d60,0x00000000a5b80000)
 Metaspace       used 57547K, capacity 59126K, committed 59160K, reserved 1099776K
  class space    used 7827K, capacity 8229K, committed 8232K, reserved 1048576K
Event: 9.358 GC heap after
Heap after GC invocations=14 (full 2):
 PSYoungGen      total 179200K, used 12261K [0x00000000e0000000, 0x00000000ecd80000, 0x0000000100000000)
  eden space 163328K, 0% used [0x00000000e0000000,0x00000000e0000000,0x00000000e9f80000)
  from space 15872K, 77% used [0x00000000eaf80000,0x00000000ebb79598,0x00000000ebf00000)
  to   space 16384K, 0% used [0x00000000e9f80000,0x00000000e9f80000,0x00000000eaf80000)
 ParOldGen       total 93696K, used 26839K [0x00000000a0000000, 0x00000000a5b80000, 0x00000000e0000000)
  object space 93696K, 28% used [0x00000000a0000000,0x00000000a1a35d60,0x00000000a5b80000)
 Metaspace       used 57547K, capacity 59126K, committed 59160K, reserved 1099776K
  class space    used 7827K, capacity 8229K, committed 8232K, reserved 1048576K
}
Event: 9.359 GC heap before
{Heap before GC invocations=15 (full 3):
 PSYoungGen      total 179200K, used 12261K [0x00000000e0000000, 0x00000000ecd80000, 0x0000000100000000)
  eden space 163328K, 0% used [0x00000000e0000000,0x00000000e0000000,0x00000000e9f80000)
  from space 15872K, 77% used [0x00000000eaf80000,0x00000000ebb79598,0x00000000ebf00000)
  to   space 16384K, 0% used [0x00000000e9f80000,0x00000000e9f80000,0x00000000eaf80000)
 ParOldGen       total 93696K, used 26839K [0x00000000a0000000, 0x00000000a5b80000, 0x00000000e0000000)
  object space 93696K, 28% used [0x00000000a0000000,0x00000000a1a35d60,0x00000000a5b80000)
 Metaspace       used 57547K, capacity 59126K, committed 59160K, reserved 1099776K
  class space    used 7827K, capacity 8229K, committed 8232K, reserved 1048576K
Event: 9.587 GC heap after
Heap after GC invocations=15 (full 3):
 PSYoungGen      total 179200K, used 0K [0x00000000e0000000, 0x00000000ecd80000, 0x0000000100000000)
  eden space 163328K, 0% used [0x00000000e0000000,0x00000000e0000000,0x00000000e9f80000)
  from space 15872K, 0% used [0x00000000eaf80000,0x00000000eaf80000,0x00000000ebf00000)
  to   space 16384K, 0% used [0x00000000e9f80000,0x00000000e9f80000,0x00000000eaf80000)
 ParOldGen       total 140800K, used 33631K [0x00000000a0000000, 0x00000000a8980000, 0x00000000e0000000)
  object space 140800K, 23% used [0x00000000a0000000,0x00000000a20d7e78,0x00000000a8980000)
 Metaspace       used 57547K, capacity 59126K, committed 59160K, reserved 1099776K
  class space    used 7827K, capacity 8229K, committed 8232K, reserved 1048576K
}
Event: 12.141 GC heap before
{Heap before GC invocations=16 (full 3):
 PSYoungGen      total 179200K, used 163328K [0x00000000e0000000, 0x00000000ecd80000, 0x0000000100000000)
  eden space 163328K, 100% used [0x00000000e0000000,0x00000000e9f80000,0x00000000e9f80000)
  from space 15872K, 0% used [0x00000000eaf80000,0x00000000eaf80000,0x00000000ebf00000)
  to   space 16384K, 0% used [0x00000000e9f80000,0x00000000e9f80000,0x00000000eaf80000)
 ParOldGen       total 140800K, used 33631K [0x00000000a0000000, 0x00000000a8980000, 0x00000000e0000000)
  object space 140800K, 23% used [0x00000000a0000000,0x00000000a20d7e78,0x00000000a8980000)
 Metaspace       used 61429K, capacity 63642K, committed 63896K, reserved 1103872K
  class space    used 8329K, capacity 8821K, committed 8872K, reserved 1048576K
Event: 12.156 GC heap after
Heap after GC invocations=16 (full 3):
 PSYoungGen      total 179712K, used 13532K [0x00000000e0000000, 0x00000000edd00000, 0x0000000100000000)
  eden space 163328K, 0% used [0x00000000e0000000,0x00000000e0000000,0x00000000e9f80000)
  from space 16384K, 82% used [0x00000000e9f80000,0x00000000eacb7028,0x00000000eaf80000)
  to   space 17408K, 0% used [0x00000000ecc00000,0x00000000ecc00000,0x00000000edd00000)
 ParOldGen       total 140800K, used 33639K [0x00000000a0000000, 0x00000000a8980000, 0x00000000e0000000)
  object space 140800K, 23% used [0x00000000a0000000,0x00000000a20d9e78,0x00000000a8980000)
 Metaspace       used 61429K, capacity 63642K, committed 63896K, reserved 1103872K
  class space    used 8329K, capacity 8821K, committed 8872K, reserved 1048576K
}
Event: 13.928 GC heap before
{Heap before GC invocations=17 (full 3):
 PSYoungGen      total 179712K, used 176860K [0x00000000e0000000, 0x00000000edd00000, 0x0000000100000000)
  eden space 163328K, 100% used [0x00000000e0000000,0x00000000e9f80000,0x00000000e9f80000)
  from space 16384K, 82% used [0x00000000e9f80000,0x00000000eacb7028,0x00000000eaf80000)
  to   space 17408K, 0% used [0x00000000ecc00000,0x00000000ecc00000,0x00000000edd00000)
 ParOldGen       total 140800K, used 33639K [0x00000000a0000000, 0x00000000a8980000, 0x00000000e0000000)
  object space 140800K, 23% used [0x00000000a0000000,0x00000000a20d9e78,0x00000000a8980000)
 Metaspace       used 64925K, capacity 67112K, committed 67352K, reserved 1107968K
  class space    used 8665K, capacity 9138K, committed 9256K, reserved 1048576K
Event: 13.962 GC heap after
Heap after GC invocations=17 (full 3):
 PSYoungGen      total 202752K, used 17407K [0x00000000e0000000, 0x00000000eea00000, 0x0000000100000000)
  eden space 185344K, 0% used [0x00000000e0000000,0x00000000e0000000,0x00000000eb500000)
  from space 17408K, 99% used [0x00000000ecc00000,0x00000000edcffc50,0x00000000edd00000)
  to   space 23552K, 0% used [0x00000000eb500000,0x00000000eb500000,0x00000000ecc00000)
 ParOldGen       total 140800K, used 44790K [0x00000000a0000000, 0x00000000a8980000, 0x00000000e0000000)
  object space 140800K, 31% used [0x00000000a0000000,0x00000000a2bbdbe8,0x00000000a8980000)
 Metaspace       used 64925K, capacity 67112K, committed 67352K, reserved 1107968K
  class space    used 8665K, capacity 9138K, committed 9256K, reserved 1048576K
}

Deoptimization events (10 events):
Event: 14.262 Thread 0x0000000018254000 Uncommon trap: reason=unstable_if action=reinterpret pc=0x0000000003c80e28 method=sun.nio.cs.UTF_8$Encoder.encodeArrayLoop(Ljava/nio/CharBuffer;Ljava/nio/ByteBuffer;)Ljava/nio/charset/CoderResult; @ 175
Event: 14.263 Thread 0x0000000018254000 Uncommon trap: reason=unstable_if action=reinterpret pc=0x0000000003c41130 method=sun.nio.cs.UTF_8$Encoder.encodeArrayLoop(Ljava/nio/CharBuffer;Ljava/nio/ByteBuffer;)Ljava/nio/charset/CoderResult; @ 175
Event: 14.396 Thread 0x0000000018017800 Uncommon trap: reason=unstable_if action=reinterpret pc=0x0000000002994b28 method=java.util.HashMap$HashIterator.<init>(Ljava/util/HashMap;)V @ 45
Event: 14.396 Thread 0x0000000018017800 Uncommon trap: reason=unstable_if action=reinterpret pc=0x000000000360b90c method=java.util.HashMap$HashIterator.<init>(Ljava/util/HashMap;)V @ 45
Event: 14.786 Thread 0x000000001dc9d000 Uncommon trap: reason=unstable_if action=reinterpret pc=0x00000000037a9464 method=java.io.BufferedReader.readLine(Z)Ljava/lang/String; @ 192
Event: 14.786 Thread 0x000000001dca7800 Uncommon trap: reason=unstable_if action=reinterpret pc=0x00000000037a9464 method=java.io.BufferedReader.readLine(Z)Ljava/lang/String; @ 192
Event: 14.866 Thread 0x000000001dca4000 Uncommon trap: reason=unstable_if action=reinterpret pc=0x00000000037a9464 method=java.io.BufferedReader.readLine(Z)Ljava/lang/String; @ 192
Event: 17.251 Thread 0x000000001dd65000 Uncommon trap: reason=unstable_if action=reinterpret pc=0x00000000036f4a24 method=com.google.common.collect.MapMakerInternalMap$Segment.drainKeyReferenceQueue(Ljava/lang/ref/ReferenceQueue;)V @ 8
Event: 17.252 Thread 0x000000001dd65000 Uncommon trap: reason=unstable_if action=reinterpret pc=0x00000000038511c8 method=com.google.common.collect.MapMakerInternalMap$Segment.drainKeyReferenceQueue(Ljava/lang/ref/ReferenceQueue;)V @ 8
Event: 17.253 Thread 0x0000000018017800 Uncommon trap: reason=unstable_if action=reinterpret pc=0x000000000384a888 method=com.google.common.collect.MapMakerInternalMap$Segment.drainKeyReferenceQueue(Ljava/lang/ref/ReferenceQueue;)V @ 8

Classes redefined (0 events):
No events

Internal exceptions (10 events):
Event: 13.227 Thread 0x0000000018254000 Exception <a 'java/lang/NoSuchMethodError': <clinit>> (0x00000000e5136f18) thrown at [D:\src\AOSP-openjdk-cygwin\jdk8u\hotspot\src\share\vm\prims\jni.cpp, line 1614]
Event: 13.228 Thread 0x0000000018254000 Exception <a 'java/lang/NoSuchMethodError': <clinit>> (0x00000000e514a530) thrown at [D:\src\AOSP-openjdk-cygwin\jdk8u\hotspot\src\share\vm\prims\jni.cpp, line 1614]
Event: 13.325 Thread 0x0000000018260000 Exception <a 'java/io/FileNotFoundException'> (0x00000000e68808b8) thrown at [D:\src\AOSP-openjdk-cygwin\jdk8u\hotspot\src\share\vm\prims\jni.cpp, line 710]
Event: 13.363 Thread 0x0000000018260000 Exception <a 'java/io/FileNotFoundException'> (0x00000000e74555d0) thrown at [D:\src\AOSP-openjdk-cygwin\jdk8u\hotspot\src\share\vm\prims\jni.cpp, line 710]
Event: 13.544 Thread 0x0000000018254000 Implicit null exception at 0x0000000002fa407c to 0x0000000002fa411d
Event: 13.727 Thread 0x0000000018254000 Implicit null exception at 0x0000000003c474bb to 0x0000000003c47a21
Event: 14.277 Thread 0x0000000018254000 Exception <a 'java/lang/NoSuchMethodError': <clinit>> (0x00000000e156a088) thrown at [D:\src\AOSP-openjdk-cygwin\jdk8u\hotspot\src\share\vm\prims\jni.cpp, line 1614]
Event: 14.278 Thread 0x0000000018254000 Exception <a 'java/lang/NoSuchMethodError': <clinit>> (0x00000000e15840e0) thrown at [D:\src\AOSP-openjdk-cygwin\jdk8u\hotspot\src\share\vm\prims\jni.cpp, line 1614]
Event: 14.278 Thread 0x0000000018254000 Exception <a 'java/lang/NoSuchMethodError': <clinit>> (0x00000000e1588fc8) thrown at [D:\src\AOSP-openjdk-cygwin\jdk8u\hotspot\src\share\vm\prims\jni.cpp, line 1614]
Event: 14.279 Thread 0x0000000018254000 Exception <a 'java/lang/NoSuchMethodError': <clinit>> (0x00000000e1599698) thrown at [D:\src\AOSP-openjdk-cygwin\jdk8u\hotspot\src\share\vm\prims\jni.cpp, line 1614]

Events (10 events):
Event: 17.252 Thread 0x000000001dd65000 Uncommon trap: trap_request=0xffffff65 fr.pc=0x00000000038511c8
Event: 17.252 Thread 0x000000001dd65000 DEOPT PACKING pc=0x00000000038511c8 sp=0x000000001f6fe700
Event: 17.252 Thread 0x000000001dd65000 DEOPT UNPACKING pc=0x000000000242557b sp=0x000000001f6fe520 mode 2
Event: 17.253 Thread 0x0000000018017800 Uncommon trap: trap_request=0xffffff65 fr.pc=0x000000000384a888
Event: 17.253 Thread 0x0000000018017800 DEOPT PACKING pc=0x000000000384a888 sp=0x000000001ac8a190
Event: 17.253 Thread 0x0000000018017800 DEOPT UNPACKING pc=0x000000000242557b sp=0x000000001ac8a0a0 mode 2
Event: 17.258 Executing VM operation: RevokeBias
Event: 17.258 Executing VM operation: RevokeBias done
Event: 17.258 Executing VM operation: RevokeBias
Event: 17.258 Executing VM operation: RevokeBias done


Dynamic libraries:
0x00007ff715dc0000 - 0x00007ff715df1000 	C:\Program Files\Android\Android Studio\jre\bin\java.exe
0x00007ff829060000 - 0x00007ff829250000 	C:\WINDOWS\SYSTEM32\ntdll.dll
0x00007ff8221c0000 - 0x00007ff8221d4000 	C:\Program Files\AVG\Antivirus\aswhook.dll
0x00007ff828ba0000 - 0x00007ff828c52000 	C:\WINDOWS\System32\KERNEL32.DLL
0x00007ff8260f0000 - 0x00007ff826393000 	C:\WINDOWS\System32\KERNELBASE.dll
0x00007ff8285f0000 - 0x00007ff828693000 	C:\WINDOWS\System32\ADVAPI32.dll
0x00007ff827d40000 - 0x00007ff827dde000 	C:\WINDOWS\System32\msvcrt.dll
0x00007ff828410000 - 0x00007ff8284a7000 	C:\WINDOWS\System32\sechost.dll
0x00007ff827250000 - 0x00007ff827370000 	C:\WINDOWS\System32\RPCRT4.dll
0x00007ff828830000 - 0x00007ff8289c4000 	C:\WINDOWS\System32\USER32.dll
0x00007ff825ff0000 - 0x00007ff826011000 	C:\WINDOWS\System32\win32u.dll
0x00007ff8289d0000 - 0x00007ff8289f6000 	C:\WINDOWS\System32\GDI32.dll
0x00007ff826d50000 - 0x00007ff826ee4000 	C:\WINDOWS\System32\gdi32full.dll
0x00007ff826050000 - 0x00007ff8260ee000 	C:\WINDOWS\System32\msvcp_win.dll
0x00007ff826b20000 - 0x00007ff826c1a000 	C:\WINDOWS\System32\ucrtbase.dll
0x00007ff812770000 - 0x00007ff8129f5000 	C:\WINDOWS\WinSxS\amd64_microsoft.windows.common-controls_6595b64144ccf1df_6.0.18362.592_none_e6c0b1911312be02\COMCTL32.dll
0x00007ff828ce0000 - 0x00007ff829016000 	C:\WINDOWS\System32\combase.dll
0x00007ff826cd0000 - 0x00007ff826d50000 	C:\WINDOWS\System32\bcryptPrimitives.dll
0x00007ff828b70000 - 0x00007ff828b9e000 	C:\WINDOWS\System32\IMM32.DLL
0x00000000521e0000 - 0x00000000522b2000 	C:\Program Files\Android\Android Studio\jre\jre\bin\msvcr100.dll
0x0000000050df0000 - 0x0000000051636000 	C:\Program Files\Android\Android Studio\jre\jre\bin\server\jvm.dll
0x00007ff828ab0000 - 0x00007ff828ab8000 	C:\WINDOWS\System32\PSAPI.DLL
0x00007ff81a480000 - 0x00007ff81a489000 	C:\WINDOWS\SYSTEM32\WSOCK32.dll
0x00007ff827de0000 - 0x00007ff827e4f000 	C:\WINDOWS\System32\WS2_32.dll
0x00007ff822bf0000 - 0x00007ff822c14000 	C:\WINDOWS\SYSTEM32\WINMM.dll
0x00007ff81fde0000 - 0x00007ff81fdea000 	C:\WINDOWS\SYSTEM32\VERSION.dll
0x00007ff822bc0000 - 0x00007ff822bed000 	C:\WINDOWS\SYSTEM32\WINMMBASE.dll
0x00007ff8270a0000 - 0x00007ff8270ea000 	C:\WINDOWS\System32\cfgmgr32.dll
0x00007ff8170c0000 - 0x00007ff8170cf000 	C:\Program Files\Android\Android Studio\jre\jre\bin\verify.dll
0x00007ff8130f0000 - 0x00007ff813119000 	C:\Program Files\Android\Android Studio\jre\jre\bin\java.dll
0x00007ff8130a0000 - 0x00007ff8130b6000 	C:\Program Files\Android\Android Studio\jre\jre\bin\zip.dll
0x00007ff827370000 - 0x00007ff827a55000 	C:\WINDOWS\System32\SHELL32.dll
0x00007ff828ac0000 - 0x00007ff828b69000 	C:\WINDOWS\System32\shcore.dll
0x00007ff8263a0000 - 0x00007ff826b1f000 	C:\WINDOWS\System32\windows.storage.dll
0x00007ff825f80000 - 0x00007ff825f9f000 	C:\WINDOWS\System32\profapi.dll
0x00007ff825fa0000 - 0x00007ff825fea000 	C:\WINDOWS\System32\powrprof.dll
0x00007ff825f30000 - 0x00007ff825f40000 	C:\WINDOWS\System32\UMPDC.dll
0x00007ff827110000 - 0x00007ff827162000 	C:\WINDOWS\System32\shlwapi.dll
0x00007ff825f60000 - 0x00007ff825f71000 	C:\WINDOWS\System32\kernel.appcore.dll
0x00007ff8270f0000 - 0x00007ff827107000 	C:\WINDOWS\System32\cryptsp.dll
0x00007ff813080000 - 0x00007ff81309a000 	C:\Program Files\Android\Android Studio\jre\jre\bin\net.dll
0x00007ff825740000 - 0x00007ff8257a7000 	C:\WINDOWS\system32\mswsock.dll
0x00007ff813040000 - 0x00007ff813051000 	C:\Program Files\Android\Android Studio\jre\jre\bin\nio.dll
0x00007ff81db90000 - 0x00007ff81dbb6000 	C:\Users\Humberto Rodrigues\.gradle\native\29\windows-amd64\native-platform.dll
0x00007ff816e20000 - 0x00007ff816e2d000 	C:\Program Files\Android\Android Studio\jre\jre\bin\management.dll
0x00007ff8252b0000 - 0x00007ff8252e3000 	C:\WINDOWS\system32\rsaenh.dll
0x00007ff826020000 - 0x00007ff826046000 	C:\WINDOWS\System32\bcrypt.dll
0x00007ff825e20000 - 0x00007ff825e45000 	C:\WINDOWS\SYSTEM32\USERENV.dll
0x00007ff825910000 - 0x00007ff82591c000 	C:\WINDOWS\SYSTEM32\CRYPTBASE.dll
0x00007ff825450000 - 0x00007ff82548a000 	C:\WINDOWS\SYSTEM32\IPHLPAPI.DLL
0x00007ff828400000 - 0x00007ff828408000 	C:\WINDOWS\System32\NSI.dll
0x00007ff81ddb0000 - 0x00007ff81ddc6000 	C:\WINDOWS\SYSTEM32\dhcpcsvc6.DLL
0x00007ff81ddf0000 - 0x00007ff81de0c000 	C:\WINDOWS\SYSTEM32\dhcpcsvc.DLL
0x00007ff825490000 - 0x00007ff82555a000 	C:\WINDOWS\SYSTEM32\DNSAPI.dll
0x00007ff804110000 - 0x00007ff8042ac000 	C:\Program Files\Android\Android Studio\jre\jre\bin\awt.dll
0x00007ff827c10000 - 0x00007ff827cd4000 	C:\WINDOWS\System32\OLEAUT32.dll
0x00007ff8246d0000 - 0x00007ff8246fd000 	C:\WINDOWS\SYSTEM32\dwmapi.dll
0x00007ff822c20000 - 0x00007ff8231e0000 	C:\WINDOWS\SYSTEM32\d2d1.dll
0x00007ff8240d0000 - 0x00007ff82415f000 	C:\WINDOWS\SYSTEM32\apphelp.dll
0x00007ff824510000 - 0x00007ff8245a9000 	C:\WINDOWS\system32\uxtheme.dll

VM Arguments:
jvm_args: -Xmx1536m -Dfile.encoding=windows-1252 -Duser.country=BR -Duser.language=pt -Duser.variant 
java_command: org.gradle.launcher.daemon.bootstrap.GradleDaemon 5.4.1
java_class_path (initial): C:\Users\Humberto Rodrigues\.gradle\wrapper\dists\gradle-5.4.1-all\3221gyojl5jsh0helicew7rwx\gradle-5.4.1\lib\gradle-launcher-5.4.1.jar
Launcher Type: SUN_STANDARD

Environment Variables:
PATH=C:\Program Files (x86)\Common Files\Intel\Shared Libraries\redist\intel64\compiler;C:\Program Files (x86)\Common Files\Oracle\Java\javapath;C:\ProgramData\Oracle\Java\javapath;C:\Program Files (x86)\Eziriz\.NET Reactor;C:\WINDOWS\system32;C:\WINDOWS;C:\WINDOWS\System32\Wbem;C:\WINDOWS\System32\WindowsPowerShell\v1.0\;C:\Program Files (x86)\ATI Technologies\ATI.ACE\Core-Static;C:\Program Files (x86)\Microsoft SQL Server\100\Tools\Binn\;C:\Program Files\Microsoft SQL Server\100\Tools\Binn\;C:\Program Files\Microsoft SQL Server\100\DTS\Binn\;C:\Program Files\PuTTY\;C:\WINDOWS\System32\OpenSSH\;C:\Users\Humberto Rodrigues\AppData\Local\Microsoft\WindowsApps;
USERNAME=Humberto Rodrigues
OS=Windows_NT
PROCESSOR_IDENTIFIER=AMD64 Family 16 Model 10 Stepping 0, AuthenticAMD



---------------  S Y S T E M  ---------------

OS: Windows 10.0 , 64 bit Build 18362 (10.0.18362.329)

CPU:total 6 (initial active 6) (6 cores per cpu, 1 threads per core) family 16 model 10 stepping 0, cmov, cx8, fxsr, mmx, sse, sse2, sse3, popcnt, mmxext, 3dnowpref, lzcnt, sse4a, tsc, tscinvbit, tscinv

Memory: 4k page, physical 8387892k(971072k free), swap 12582196k(6956k free)

vm_info: OpenJDK 64-Bit Server VM (25.202-b03) for windows-amd64 JRE (1.8.0_202-release-1483-b03), built by "builder" with MS VC++ 10.0 (VS2010)

time: Wed Jan 29 22:13:07 2020
timezone: Hora oficial do Brasil
elapsed time: 18 seconds (0d 0h 0m 18s)

